CRITICAL - 2021-04-04 21:21:00 --> Call to undefined function CodeIgniter\locale_set_default()
#0 C:\xampp\htdocs\Codeigniter\vendor\codeigniter4\framework\system\bootstrap.php(159): CodeIgniter\CodeIgniter->initialize()
#1 C:\xampp\htdocs\Codeigniter\public\index.php(35): require('C:\\xampp\\htdocs...')
#2 {main}
CRITICAL - 2021-04-04 21:21:05 --> Call to undefined function CodeIgniter\locale_set_default()
#0 C:\xampp\htdocs\Codeigniter\vendor\codeigniter4\framework\system\bootstrap.php(159): CodeIgniter\CodeIgniter->initialize()
#1 C:\xampp\htdocs\Codeigniter\public\index.php(35): require('C:\\xampp\\htdocs...')
#2 {main}
CRITICAL - 2021-04-04 21:22:11 --> Call to undefined function CodeIgniter\locale_set_default()
#0 C:\xampp\htdocs\Codeigniter\vendor\codeigniter4\framework\system\bootstrap.php(159): CodeIgniter\CodeIgniter->initialize()
#1 C:\xampp\htdocs\Codeigniter\public\index.php(35): require('C:\\xampp\\htdocs...')
#2 {main}
CRITICAL - 2021-04-04 21:22:45 --> Call to undefined function CodeIgniter\locale_set_default()
#0 C:\xampp\htdocs\Codeigniter\vendor\codeigniter4\framework\system\bootstrap.php(159): CodeIgniter\CodeIgniter->initialize()
#1 C:\xampp\htdocs\Codeigniter\public\index.php(35): require('C:\\xampp\\htdocs...')
#2 {main}
ERROR - 2021-04-04 23:35:59 --> mysqli_sql_exception: Cannot add or update a child row: a foreign key constraint fails (`controlutp`.`student`, CONSTRAINT `student_ibfk_1` FOREIGN KEY (`specialization_id`) REFERENCES `specialization` (`specialization_id`)) in C:\xampp\htdocs\codeigniter\login\vendor\codeigniter4\framework\system\Database\MySQLi\Connection.php:314
Stack trace:
#0 C:\xampp\htdocs\codeigniter\login\vendor\codeigniter4\framework\system\Database\MySQLi\Connection.php(314): mysqli->query('INSERT INTO `st...')
#1 C:\xampp\htdocs\codeigniter\login\vendor\codeigniter4\framework\system\Database\BaseConnection.php(713): CodeIgniter\Database\MySQLi\Connection->execute('INSERT INTO `st...')
#2 C:\xampp\htdocs\codeigniter\login\vendor\codeigniter4\framework\system\Database\BaseConnection.php(641): CodeIgniter\Database\BaseConnection->simpleQuery('INSERT INTO `st...')
#3 C:\xampp\htdocs\codeigniter\login\vendor\codeigniter4\framework\system\Database\BaseBuilder.php(2263): CodeIgniter\Database\BaseConnection->query('INSERT INTO `st...', Array, false)
#4 C:\xampp\htdocs\codeigniter\login\app\Models\StudentModel.php(17): CodeIgniter\Database\BaseBuilder->insert(Array)
#5 C:\xampp\htdocs\codeigniter\login\app\Controllers\StudentController.php(49): App\Models\StudentModel->AddStudent(Array)
#6 C:\xampp\htdocs\codeigniter\login\vendor\codeigniter4\framework\system\CodeIgniter.php(936): App\Controllers\StudentController->addStudent()
#7 C:\xampp\htdocs\codeigniter\login\vendor\codeigniter4\framework\system\CodeIgniter.php(432): CodeIgniter\CodeIgniter->runController(Object(App\Controllers\StudentController))
#8 C:\xampp\htdocs\codeigniter\login\vendor\codeigniter4\framework\system\CodeIgniter.php(333): CodeIgniter\CodeIgniter->handleRequest(NULL, Object(Config\Cache), false)
#9 C:\xampp\htdocs\codeigniter\login\public\index.php(44): CodeIgniter\CodeIgniter->run()
#10 {main}
